
{"message":"Starting application...","level":"info"}
{"message":"Listening on port 2911","level":"info"}
{"message":"DB Connected.","level":"info"}
{"expose":true,"statusCode":400,"status":400,"body":"{\n\t\"englishTitle\": \"make matters worse\",\n\t\"vietnameseTitle\": \"làm tồi tệ hơn\",\n\t\"example\": \"To make matters worse, this is not the only function in your application.\",\n\t\"image\": \"https://ibb.co/zW363Cw\"\n\t\"type\": \"idiom\",\n\t\"context\": \"Mosh - Automatic Testing\"\n}","type":"entity.parse.failed","level":"error","message":"Unexpected string in JSON at position 204Unexpected string in JSON at position 204","stack":"SyntaxError: Unexpected string in JSON at position 204\n    at JSON.parse (<anonymous>)\n    at parse (/home/ryan-ta/Desktop/Study/Znode-flash/9-vidly-app/node_modules/body-parser/lib/types/json.js:89:19)\n    at /home/ryan-ta/Desktop/Study/Znode-flash/9-vidly-app/node_modules/body-parser/lib/read.js:121:18\n    at invokeCallback (/home/ryan-ta/Desktop/Study/Znode-flash/9-vidly-app/node_modules/raw-body/index.js:224:16)\n    at done (/home/ryan-ta/Desktop/Study/Znode-flash/9-vidly-app/node_modules/raw-body/index.js:213:7)\n    at IncomingMessage.onEnd (/home/ryan-ta/Desktop/Study/Znode-flash/9-vidly-app/node_modules/raw-body/index.js:273:7)\n    at IncomingMessage.emit (events.js:202:15)\n    at endReadableNT (_stream_readable.js:1129:12)\n    at processTicksAndRejections (internal/process/next_tick.js:76:17)"}
{"expose":true,"statusCode":400,"status":400,"body":"{\n\t\"englishTitle\": \"make matters worse\",\n\t\"vietnameseTitle\": \"làm tồi tệ hơn\",\n\t\"example\": \"To make matters worse, this is not the only function in your application.\",\n\t\"image\": \"https://ibb.co/zW363Cw\"\n\t\"type\": \"idiom\",\n\t\"context\": \"Mosh - Automatic Testing\"\n}","type":"entity.parse.failed","level":"error","message":"Unexpected string in JSON at position 204Unexpected string in JSON at position 204","stack":"SyntaxError: Unexpected string in JSON at position 204\n    at JSON.parse (<anonymous>)\n    at parse (/home/ryan-ta/Desktop/Study/Znode-flash/9-vidly-app/node_modules/body-parser/lib/types/json.js:89:19)\n    at /home/ryan-ta/Desktop/Study/Znode-flash/9-vidly-app/node_modules/body-parser/lib/read.js:121:18\n    at invokeCallback (/home/ryan-ta/Desktop/Study/Znode-flash/9-vidly-app/node_modules/raw-body/index.js:224:16)\n    at done (/home/ryan-ta/Desktop/Study/Znode-flash/9-vidly-app/node_modules/raw-body/index.js:213:7)\n    at IncomingMessage.onEnd (/home/ryan-ta/Desktop/Study/Znode-flash/9-vidly-app/node_modules/raw-body/index.js:273:7)\n    at IncomingMessage.emit (events.js:202:15)\n    at endReadableNT (_stream_readable.js:1129:12)\n    at processTicksAndRejections (internal/process/next_tick.js:76:17)"}
{"expose":true,"statusCode":400,"status":400,"body":"{\n\t\"englishTitle\": \"make matters worse\",\n\t\"vietnameseTitle\": \"làm tồi tệ hơn\",\n\t\"example\": \"To make matters worse, this is not the only function in your application.\",\n\t\"image\": \"https://ibb.co/zW363Cw\"\n\t\"type\": \"idiom\",\n\t\"context\": \"Mosh - Automatic Testing\"\n}","type":"entity.parse.failed","level":"error","message":"Unexpected string in JSON at position 204Unexpected string in JSON at position 204","stack":"SyntaxError: Unexpected string in JSON at position 204\n    at JSON.parse (<anonymous>)\n    at parse (/home/ryan-ta/Desktop/Study/Znode-flash/9-vidly-app/node_modules/body-parser/lib/types/json.js:89:19)\n    at /home/ryan-ta/Desktop/Study/Znode-flash/9-vidly-app/node_modules/body-parser/lib/read.js:121:18\n    at invokeCallback (/home/ryan-ta/Desktop/Study/Znode-flash/9-vidly-app/node_modules/raw-body/index.js:224:16)\n    at done (/home/ryan-ta/Desktop/Study/Znode-flash/9-vidly-app/node_modules/raw-body/index.js:213:7)\n    at IncomingMessage.onEnd (/home/ryan-ta/Desktop/Study/Znode-flash/9-vidly-app/node_modules/raw-body/index.js:273:7)\n    at IncomingMessage.emit (events.js:202:15)\n    at endReadableNT (_stream_readable.js:1129:12)\n    at processTicksAndRejections (internal/process/next_tick.js:76:17)"}
{"message":"Starting application...","level":"info"}
{"message":"Listening on port 2911","level":"info"}
{"message":"DB Connected.","level":"info"}
{"message":"Starting application...","level":"info"}
{"message":"Listening on port 2911","level":"info"}
{"message":"DB Connected.","level":"info"}
{"message":"Starting application...","level":"info"}
{"message":"Listening on port 2911","level":"info"}
{"message":"DB Connected.","level":"info"}
{"message":"Starting application...","level":"info"}
{"message":"Listening on port 2911","level":"info"}
{"message":"DB Connected.","level":"info"}
{"message":"Starting application...","level":"info"}
{"message":"Listening on port 2911","level":"info"}
{"message":"DB Connected.","level":"info"}
{"level":"error","message":"Cannot read property 'cardId' of undefinedCannot read property 'cardId' of undefined","stack":"TypeError: Cannot read property 'cardId' of undefined\n    at router.delete (D:\\Project\\node-flash\\9-vidly-app\\routes\\cards.js:72:60)\n    at Layer.handle [as handle_request] (D:\\Project\\node-flash\\9-vidly-app\\node_modules\\express\\lib\\router\\layer.js:95:5)\n    at next (D:\\Project\\node-flash\\9-vidly-app\\node_modules\\express\\lib\\router\\route.js:137:13)\n    at module.exports (D:\\Project\\node-flash\\9-vidly-app\\middleware\\admin.js:3:4)\n    at Layer.handle [as handle_request] (D:\\Project\\node-flash\\9-vidly-app\\node_modules\\express\\lib\\router\\layer.js:95:5)\n    at next (D:\\Project\\node-flash\\9-vidly-app\\node_modules\\express\\lib\\router\\route.js:137:13)\n    at module.exports (D:\\Project\\node-flash\\9-vidly-app\\middleware\\auth.js:11:7)\n    at Layer.handle [as handle_request] (D:\\Project\\node-flash\\9-vidly-app\\node_modules\\express\\lib\\router\\layer.js:95:5)\n    at next (D:\\Project\\node-flash\\9-vidly-app\\node_modules\\express\\lib\\router\\route.js:137:13)\n    at Route.dispatch (D:\\Project\\node-flash\\9-vidly-app\\node_modules\\express\\lib\\router\\route.js:112:3)\n    at Layer.handle [as handle_request] (D:\\Project\\node-flash\\9-vidly-app\\node_modules\\express\\lib\\router\\layer.js:95:5)\n    at D:\\Project\\node-flash\\9-vidly-app\\node_modules\\express\\lib\\router\\index.js:281:22\n    at param (D:\\Project\\node-flash\\9-vidly-app\\node_modules\\express\\lib\\router\\index.js:354:14)\n    at param (D:\\Project\\node-flash\\9-vidly-app\\node_modules\\express\\lib\\router\\index.js:365:14)\n    at Function.process_params (D:\\Project\\node-flash\\9-vidly-app\\node_modules\\express\\lib\\router\\index.js:410:3)\n    at next (D:\\Project\\node-flash\\9-vidly-app\\node_modules\\express\\lib\\router\\index.js:275:10)\n    at Function.handle (D:\\Project\\node-flash\\9-vidly-app\\node_modules\\express\\lib\\router\\index.js:174:3)\n    at router (D:\\Project\\node-flash\\9-vidly-app\\node_modules\\express\\lib\\router\\index.js:47:12)\n    at Layer.handle [as handle_request] (D:\\Project\\node-flash\\9-vidly-app\\node_modules\\express\\lib\\router\\layer.js:95:5)\n    at trim_prefix (D:\\Project\\node-flash\\9-vidly-app\\node_modules\\express\\lib\\router\\index.js:317:13)\n    at D:\\Project\\node-flash\\9-vidly-app\\node_modules\\express\\lib\\router\\index.js:284:7\n    at Function.process_params (D:\\Project\\node-flash\\9-vidly-app\\node_modules\\express\\lib\\router\\index.js:335:12)"}
{"message":"Starting application...","level":"info"}
{"message":"Listening on port 2911","level":"info"}
{"message":"DB Connected.","level":"info"}
{"level":"error","message":"Cannot read property 'cardId' of undefinedCannot read property 'cardId' of undefined","stack":"TypeError: Cannot read property 'cardId' of undefined\n    at router.delete (D:\\Project\\node-flash\\9-vidly-app\\routes\\cards.js:72:60)\n    at Layer.handle [as handle_request] (D:\\Project\\node-flash\\9-vidly-app\\node_modules\\express\\lib\\router\\layer.js:95:5)\n    at next (D:\\Project\\node-flash\\9-vidly-app\\node_modules\\express\\lib\\router\\route.js:137:13)\n    at module.exports (D:\\Project\\node-flash\\9-vidly-app\\middleware\\admin.js:3:4)\n    at Layer.handle [as handle_request] (D:\\Project\\node-flash\\9-vidly-app\\node_modules\\express\\lib\\router\\layer.js:95:5)\n    at next (D:\\Project\\node-flash\\9-vidly-app\\node_modules\\express\\lib\\router\\route.js:137:13)\n    at module.exports (D:\\Project\\node-flash\\9-vidly-app\\middleware\\auth.js:11:7)\n    at Layer.handle [as handle_request] (D:\\Project\\node-flash\\9-vidly-app\\node_modules\\express\\lib\\router\\layer.js:95:5)\n    at next (D:\\Project\\node-flash\\9-vidly-app\\node_modules\\express\\lib\\router\\route.js:137:13)\n    at Route.dispatch (D:\\Project\\node-flash\\9-vidly-app\\node_modules\\express\\lib\\router\\route.js:112:3)\n    at Layer.handle [as handle_request] (D:\\Project\\node-flash\\9-vidly-app\\node_modules\\express\\lib\\router\\layer.js:95:5)\n    at D:\\Project\\node-flash\\9-vidly-app\\node_modules\\express\\lib\\router\\index.js:281:22\n    at param (D:\\Project\\node-flash\\9-vidly-app\\node_modules\\express\\lib\\router\\index.js:354:14)\n    at param (D:\\Project\\node-flash\\9-vidly-app\\node_modules\\express\\lib\\router\\index.js:365:14)\n    at Function.process_params (D:\\Project\\node-flash\\9-vidly-app\\node_modules\\express\\lib\\router\\index.js:410:3)\n    at next (D:\\Project\\node-flash\\9-vidly-app\\node_modules\\express\\lib\\router\\index.js:275:10)\n    at Function.handle (D:\\Project\\node-flash\\9-vidly-app\\node_modules\\express\\lib\\router\\index.js:174:3)\n    at router (D:\\Project\\node-flash\\9-vidly-app\\node_modules\\express\\lib\\router\\index.js:47:12)\n    at Layer.handle [as handle_request] (D:\\Project\\node-flash\\9-vidly-app\\node_modules\\express\\lib\\router\\layer.js:95:5)\n    at trim_prefix (D:\\Project\\node-flash\\9-vidly-app\\node_modules\\express\\lib\\router\\index.js:317:13)\n    at D:\\Project\\node-flash\\9-vidly-app\\node_modules\\express\\lib\\router\\index.js:284:7\n    at Function.process_params (D:\\Project\\node-flash\\9-vidly-app\\node_modules\\express\\lib\\router\\index.js:335:12)"}
{"message":"Starting application...","level":"info"}
{"message":"Listening on port 2911","level":"info"}
{"message":"DB Connected.","level":"info"}
{"level":"error","message":"Cannot read property 'deleteCount' of nullCannot read property 'deleteCount' of null","stack":"TypeError: Cannot read property 'deleteCount' of null\n    at router.delete (D:\\Project\\node-flash\\9-vidly-app\\routes\\cards.js:73:14)"}
{"message":"Starting application...","level":"info"}
{"message":"Listening on port 2911","level":"info"}
{"message":"DB Connected.","level":"info"}
{"message":"Starting application...","level":"info"}
{"message":"Listening on port 2911","level":"info"}
{"message":"DB Connected.","level":"info"}
{"message":"Starting application...","level":"info"}
{"message":"Listening on port 2911","level":"info"}
{"message":"DB Connected.","level":"info"}
{"message":"Starting application...","level":"info"}
{"message":"Listening on port 2911","level":"info"}
{"message":"DB Connected.","level":"info"}
{"message":"Starting application...","level":"info"}
{"message":"Listening on port 2911","level":"info"}
{"message":"DB Connected.","level":"info"}
